<?xml version="1.0" encoding="UTF-8"?>
<!-- Generated by org.testng.reporters.JUnitXMLReporter -->
<testsuite ignored="12" hostname="LAPTOP-PMUF96FM" failures="0" tests="1" name="Default test(failed)" time="3.829" errors="0" timestamp="2023-12-05T10:14:31 IST">
  <testcase classname="TestCases.Cart_Page_Test" name="verifyFooterTxtCartPageTest" time="0.029"/>
  <testcase classname="TestCases.Cart_Page_Test" name="VerifyURLofCheckOutPageTest" time="0.0">
    <ignored/>
  </testcase> <!-- VerifyURLofCheckOutPageTest -->
  <testcase classname="TestCases.Cart_Page_Test" name="VerifyURLofCartPageTest" time="0.0">
    <ignored/>
  </testcase> <!-- VerifyURLofCartPageTest -->
  <testcase classname="TestCases.Cart_Page_Test" name="verifyCartQualityLableTest" time="0.0">
    <ignored/>
  </testcase> <!-- verifyCartQualityLableTest -->
  <testcase classname="TestCases.Cart_Page_Test" name="verifyCart3linesTest" time="0.0">
    <ignored/>
  </testcase> <!-- verifyCart3linesTest -->
  <testcase classname="TestCases.Cart_Page_Test" name="verifyCartTwitterLogoTest" time="0.0">
    <ignored/>
  </testcase> <!-- verifyCartTwitterLogoTest -->
  <testcase classname="TestCases.Cart_Page_Test" name="verifyCartLinkedInLogoTest" time="0.0">
    <ignored/>
  </testcase> <!-- verifyCartLinkedInLogoTest -->
  <testcase classname="TestCases.Cart_Page_Test" name="verifyCartPageTitle" time="0.0">
    <ignored/>
  </testcase> <!-- verifyCartPageTitle -->
  <testcase classname="TestCases.Cart_Page_Test" name="VerifyshoppingCartPageTest" time="0.0">
    <ignored/>
  </testcase> <!-- VerifyshoppingCartPageTest -->
  <testcase classname="TestCases.Cart_Page_Test" name="verifyCartCheckOutBtnTest" time="0.0">
    <ignored/>
  </testcase> <!-- verifyCartCheckOutBtnTest -->
  <testcase classname="TestCases.Cart_Page_Test" name="verifyCartFacebookLogoTest" time="0.0">
    <ignored/>
  </testcase> <!-- verifyCartFacebookLogoTest -->
  <testcase classname="TestCases.Cart_Page_Test" name="verifyCartDescriptionLableTest" time="0.0">
    <ignored/>
  </testcase> <!-- verifyCartDescriptionLableTest -->
  <testcase classname="TestCases.Cart_Page_Test" name="verifyContinueShoppingCartBtnTest" time="0.0">
    <ignored/>
  </testcase> <!-- verifyContinueShoppingCartBtnTest -->
</testsuite> <!-- Default test(failed) -->
