<?xml version="1.0" encoding="UTF-8"?>
<!-- Generated by org.testng.reporters.JUnitXMLReporter -->
<testsuite ignored="0" hostname="LAPTOP-PMUF96FM" failures="0" tests="23" name="Test" time="63.34" errors="0" timestamp="2023-12-05T10:17:46 IST">
  <testcase classname="TestCases.Cart_Page_Test" name="VerifyURLofCartPageTest" time="0.016"/>
  <testcase classname="TestCases.Cart_Page_Test" name="VerifyURLofCheckOutPageTest" time="0.047"/>
  <testcase classname="TestCases.Cart_Page_Test" name="VerifyshoppingCartPageTest" time="0.049"/>
  <testcase classname="TestCases.Cart_Page_Test" name="verifyCart3linesTest" time="0.027"/>
  <testcase classname="TestCases.Cart_Page_Test" name="verifyCartCheckOutBtnTest" time="0.023"/>
  <testcase classname="TestCases.Cart_Page_Test" name="verifyCartDescriptionLableTest" time="0.021"/>
  <testcase classname="TestCases.Cart_Page_Test" name="verifyCartFacebookLogoTest" time="0.022"/>
  <testcase classname="TestCases.Cart_Page_Test" name="verifyCartLinkedInLogoTest" time="0.026"/>
  <testcase classname="TestCases.Cart_Page_Test" name="verifyCartPageTitle" time="0.024"/>
  <testcase classname="TestCases.Cart_Page_Test" name="verifyCartQualityLableTest" time="0.019"/>
  <testcase classname="TestCases.Cart_Page_Test" name="verifyCartTwitterLogoTest" time="0.02"/>
  <testcase classname="TestCases.Cart_Page_Test" name="verifyContinueShoppingCartBtnTest" time="0.024"/>
  <testcase classname="TestCases.Cart_Page_Test" name="verifyFooterTxtCartPageTest" time="0.02"/>
  <testcase classname="TestCases.Inventorypage2Test" name="add6ProductsTest" time="0.834"/>
  <testcase classname="TestCases.Inventorypage2Test" name="remove6ProductsTest" time="2.49"/>
  <testcase classname="TestCases.Inventorypage2Test" name="verifyAppLogoTest" time="0.026"/>
  <testcase classname="TestCases.Inventorypage2Test" name="verifyFacebookLogoTest" time="0.023"/>
  <testcase classname="TestCases.Inventorypage2Test" name="verifyLinkdinLogoTest" time="0.024"/>
  <testcase classname="TestCases.Inventorypage2Test" name="verifyProductLableTest" time="0.051"/>
  <testcase classname="TestCases.Inventorypage2Test" name="verifyTwitterLogoTest" time="0.024"/>
  <testcase classname="TestCases.LoginPage_Test" name="LoginToApplicationTest" time="0.187"/>
  <testcase classname="TestCases.LoginPage_Test" name="verifyTitleOfApplicationTest" time="0.019"/>
  <testcase classname="TestCases.LoginPage_Test" name="verifyURLofApplicationTest" time="0.015"/>
</testsuite> <!-- Test -->
