<?xml version="1.0" encoding="UTF-8"?>
<!-- Generated by org.testng.reporters.JUnitXMLReporter -->
<testsuite ignored="2" hostname="LAPTOP-PMUF96FM" failures="0" tests="1" name="Default test" time="5.621" errors="0" timestamp="2023-12-13T13:47:32 IST">
  <testcase classname="TestCases.LoginPage_Test" name="LoginToApplicationTest" time="0.663"/>
  <testcase classname="TestCases.LoginPage_Test" name="verifyTitleOfApplicationTest" time="0.0">
    <ignored/>
  </testcase> <!-- verifyTitleOfApplicationTest -->
  <testcase classname="TestCases.LoginPage_Test" name="verifyURLofApplicationTest" time="0.0">
    <ignored/>
  </testcase> <!-- verifyURLofApplicationTest -->
</testsuite> <!-- Default test -->
