<?xml version="1.0" encoding="UTF-8"?>
<!-- Generated by org.testng.reporters.JUnitXMLReporter -->
<testsuite ignored="0" hostname="LAPTOP-PMUF96FM" failures="0" tests="38" name="Test" time="108.293" errors="0" timestamp="2023-12-07T21:02:52 IST">
  <testcase classname="TestCases.CheckOutPage2_Test" name="verifyCancelBtnTest" time="0.045"/>
  <testcase classname="TestCases.CheckOutPage2_Test" name="verifyLableTest" time="0.017"/>
  <testcase classname="TestCases.CheckOutPage2_Test" name="verifyPaymentInfoTextTest" time="0.018"/>
  <testcase classname="TestCases.CheckOutPage2_Test" name="verifyShippingInfoTextTest" time="0.018"/>
  <testcase classname="TestCases.CheckOutPage2_Test" name="verifyTotalTextTest" time="0.018"/>
  <testcase classname="TestCases.CheckOutPage2_Test" name="verifyclickOnFinishBtnTest" time="0.032"/>
  <testcase classname="TestCases.CheckOutPage2_Test" name="verifyitemTotalTextTest" time="0.019"/>
  <testcase classname="TestCases.Cart_Page_Test" name="VerifyURLofCartPageTest" time="0.003"/>
  <testcase classname="TestCases.Cart_Page_Test" name="VerifyshoppingCartPageTest" time="0.044"/>
  <testcase classname="TestCases.Cart_Page_Test" name="verifyCart3linesTest" time="0.022"/>
  <testcase classname="TestCases.Cart_Page_Test" name="verifyCartCheckOutBtnTest" time="0.019"/>
  <testcase classname="TestCases.Cart_Page_Test" name="verifyCartDescriptionLableTest" time="0.02"/>
  <testcase classname="TestCases.Cart_Page_Test" name="verifyCartFacebookLogoTest" time="0.02"/>
  <testcase classname="TestCases.Cart_Page_Test" name="verifyCartLinkedInLogoTest" time="0.019"/>
  <testcase classname="TestCases.Cart_Page_Test" name="verifyCartPageTitle" time="0.018"/>
  <testcase classname="TestCases.Cart_Page_Test" name="verifyCartQualityLableTest" time="0.018"/>
  <testcase classname="TestCases.Cart_Page_Test" name="verifyCartTwitterLogoTest" time="0.018"/>
  <testcase classname="TestCases.Cart_Page_Test" name="verifyContinueShoppingCartBtnTest" time="0.019"/>
  <testcase classname="TestCases.Cart_Page_Test" name="verifyFooterTxtCartPageTest" time="0.018"/>
  <testcase classname="TestCases.Inventorypage2Test" name="add6ProductsTest" time="0.79"/>
  <testcase classname="TestCases.Inventorypage2Test" name="remove6ProductsTest" time="2.437"/>
  <testcase classname="TestCases.Inventorypage2Test" name="verifyAppLogoTest" time="0.021"/>
  <testcase classname="TestCases.Inventorypage2Test" name="verifyFacebookLogoTest" time="0.022"/>
  <testcase classname="TestCases.Inventorypage2Test" name="verifyLinkdinLogoTest" time="0.023"/>
  <testcase classname="TestCases.Inventorypage2Test" name="verifyProductLableTest" time="0.046"/>
  <testcase classname="TestCases.Inventorypage2Test" name="verifyTwitterLogoTest" time="0.021"/>
  <testcase classname="TestCases.LoginPage_Test" name="LoginToApplicationTest" time="0.172"/>
  <testcase classname="TestCases.LoginPage_Test" name="verifyTitleOfApplicationTest" time="0.015"/>
  <testcase classname="TestCases.LoginPage_Test" name="verifyURLofApplicationTest" time="0.018"/>
  <testcase classname="TestCases.CompletePage_Test" name="VerifyBackHomeBtnTest" time="0.037"/>
  <testcase classname="TestCases.CompletePage_Test" name="VerifyCompletePageTitleTest" time="0.013"/>
  <testcase classname="TestCases.CompletePage_Test" name="VerifyImageLogoTest" time="0.017"/>
  <testcase classname="TestCases.CompletePage_Test" name="VerifyThankYouMsgTest" time="0.012"/>
  <testcase classname="TestCases.CompletePage_Test" name="VerifyURLofCompletePage" time="0.002"/>
  <testcase classname="TestCases.CompletePage_Test" name="VerifyYourOrderMsgTest" time="0.013"/>
  <testcase classname="TestCases.CheckOutPage1_Test" name="InputinformationTest" time="0.155"/>
  <testcase classname="TestCases.CheckOutPage1_Test" name="verifyTitleofApplicationTet" time="0.017"/>
  <testcase classname="TestCases.CheckOutPage1_Test" name="verifyURlOfCheckOutPage1" time="0.002"/>
</testsuite> <!-- Test -->
