<?xml version="1.0" encoding="UTF-8"?>
<!-- Generated by org.testng.reporters.JUnitXMLReporter -->
<testsuite ignored="7" hostname="LAPTOP-PMUF96FM" failures="0" tests="3" name="Test_Group" time="11.307" errors="0" timestamp="2023-12-12T20:17:07 IST">
  <testcase classname="TestCases.Inventorypage2Test" name="verifyProductLableTest" time="0.437"/>
  <testcase classname="TestCases.LoginPage_Test" name="verifyTitleOfApplicationTest" time="0.024"/>
  <testcase classname="TestCases.LoginPage_Test" name="verifyURLofApplicationTest" time="0.021"/>
  <testcase classname="TestCases.Inventorypage2Test" name="remove6ProductsTest" time="0.0">
    <ignored/>
  </testcase> <!-- remove6ProductsTest -->
  <testcase classname="TestCases.Inventorypage2Test" name="verifyFacebookLogoTest" time="0.0">
    <ignored/>
  </testcase> <!-- verifyFacebookLogoTest -->
  <testcase classname="TestCases.Inventorypage2Test" name="verifyAppLogoTest" time="0.0">
    <ignored/>
  </testcase> <!-- verifyAppLogoTest -->
  <testcase classname="TestCases.Inventorypage2Test" name="verifyTwitterLogoTest" time="0.0">
    <ignored/>
  </testcase> <!-- verifyTwitterLogoTest -->
  <testcase classname="TestCases.Inventorypage2Test" name="verifyLinkdinLogoTest" time="0.0">
    <ignored/>
  </testcase> <!-- verifyLinkdinLogoTest -->
  <testcase classname="TestCases.Inventorypage2Test" name="add6ProductsTest" time="0.0">
    <ignored/>
  </testcase> <!-- add6ProductsTest -->
  <testcase classname="TestCases.LoginPage_Test" name="LoginToApplicationTest" time="0.0">
    <ignored/>
  </testcase> <!-- LoginToApplicationTest -->
</testsuite> <!-- Test_Group -->
